
> iiits_react_component_library@1.0.0 build-storybook
> storybook build --output-dir /tmp/chromatic--16110-6rXgE3m46XcS

@storybook/cli v8.0.5

info => Cleaning outputDir: ../../../../tmp/chromatic--16110-6rXgE3m46XcS
info => Loading presets
info => Building manager..
info => Manager built (127 ms)
info => Building preview..
vite v5.2.8 building for production...
transforming...
✓ 580 modules transformed.
rendering chunks...
computing gzip size...
../../../../tmp/chromatic--16110-6rXgE3m46XcS/assets/context-C0qIqeS4.png                      6.12 kB
../../../../tmp/chromatic--16110-6rXgE3m46XcS/assets/styling-Bk6zjRzU.png                      7.24 kB
../../../../tmp/chromatic--16110-6rXgE3m46XcS/iframe.html                                     13.11 kB │ gzip:   3.63 kB
../../../../tmp/chromatic--16110-6rXgE3m46XcS/assets/docs---vsFbMi.png                        27.88 kB
../../../../tmp/chromatic--16110-6rXgE3m46XcS/assets/share-DGA-UcQf.png                       40.77 kB
../../../../tmp/chromatic--16110-6rXgE3m46XcS/assets/accessibility-W_h2acOZ.png               42.34 kB
../../../../tmp/chromatic--16110-6rXgE3m46XcS/assets/figma-plugin-CH2hELiO.png                44.25 kB
../../../../tmp/chromatic--16110-6rXgE3m46XcS/assets/theming-D6WJLNoW.png                     44.37 kB
../../../../tmp/chromatic--16110-6rXgE3m46XcS/assets/testing-cbzR9l9r.png                     49.31 kB
../../../../tmp/chromatic--16110-6rXgE3m46XcS/assets/addon-library-BWUCAmyN.png              467.37 kB
../../../../tmp/chromatic--16110-6rXgE3m46XcS/assets/Button-BfyGbg8N.css                       0.52 kB │ gzip:   0.29 kB
../../../../tmp/chromatic--16110-6rXgE3m46XcS/assets/preview-B4GcaC1c.js                       0.07 kB │ gzip:   0.08 kB
../../../../tmp/chromatic--16110-6rXgE3m46XcS/assets/preview-CIRcjyVj.js                       0.11 kB │ gzip:   0.11 kB
../../../../tmp/chromatic--16110-6rXgE3m46XcS/assets/WithTooltip-Y7J54OF7-EzzKbULE.js          0.33 kB │ gzip:   0.19 kB
../../../../tmp/chromatic--16110-6rXgE3m46XcS/assets/syntaxhighlighter-JOJW2KGS-Ki2hhFU-.js    0.37 kB │ gzip:   0.24 kB
../../../../tmp/chromatic--16110-6rXgE3m46XcS/assets/index-z5U8iC57.js                         0.42 kB │ gzip:   0.28 kB
../../../../tmp/chromatic--16110-6rXgE3m46XcS/assets/react-18-B-OKcmzb.js                      0.55 kB │ gzip:   0.34 kB
../../../../tmp/chromatic--16110-6rXgE3m46XcS/assets/preview-DzbRFJg_.js                       0.64 kB │ gzip:   0.44 kB
../../../../tmp/chromatic--16110-6rXgE3m46XcS/assets/preview-iTGUmTy2.js                       0.66 kB │ gzip:   0.43 kB
../../../../tmp/chromatic--16110-6rXgE3m46XcS/assets/index-DrFu-skq.js                         0.77 kB │ gzip:   0.47 kB
../../../../tmp/chromatic--16110-6rXgE3m46XcS/assets/index-YMbfICiA.js                         0.79 kB │ gzip:   0.51 kB
../../../../tmp/chromatic--16110-6rXgE3m46XcS/assets/preview-Cv3rAi2i.js                       0.86 kB │ gzip:   0.55 kB
../../../../tmp/chromatic--16110-6rXgE3m46XcS/assets/preview-Do1t69wt.js                       0.95 kB │ gzip:   0.57 kB
../../../../tmp/chromatic--16110-6rXgE3m46XcS/assets/entry-preview-kGuIN3g4.js                 1.26 kB │ gzip:   0.73 kB
../../../../tmp/chromatic--16110-6rXgE3m46XcS/assets/DocsRenderer-K4EAMTCU-gRa_iBQi.js         1.35 kB │ gzip:   0.72 kB
../../../../tmp/chromatic--16110-6rXgE3m46XcS/assets/index-B_J8iUie.js                         2.59 kB │ gzip:   1.26 kB
../../../../tmp/chromatic--16110-6rXgE3m46XcS/assets/Button.stories-C85FNm_a.js                2.81 kB │ gzip:   1.04 kB
../../../../tmp/chromatic--16110-6rXgE3m46XcS/assets/preview-CwqMn10d.js                       3.19 kB │ gzip:   1.37 kB
../../../../tmp/chromatic--16110-6rXgE3m46XcS/assets/preview-DbT1mggi.js                       3.52 kB │ gzip:   1.71 kB
../../../../tmp/chromatic--16110-6rXgE3m46XcS/assets/iframe-DzoBIF6j.js                        4.18 kB │ gzip:   1.72 kB
../../../../tmp/chromatic--16110-6rXgE3m46XcS/assets/preview-BAz7FMXc.js                       7.62 kB │ gzip:   1.56 kB
../../../../tmp/chromatic--16110-6rXgE3m46XcS/assets/index-BBkUAzwr.js                         7.80 kB │ gzip:   3.07 kB
../../../../tmp/chromatic--16110-6rXgE3m46XcS/assets/preview-Db4Idchh.js                       8.11 kB │ gzip:   3.08 kB
../../../../tmp/chromatic--16110-6rXgE3m46XcS/assets/Configure-F7SyIul_.js                    26.65 kB │ gzip:  11.48 kB
../../../../tmp/chromatic--16110-6rXgE3m46XcS/assets/Color-RQJUDNI5-86P49FHO.js               30.92 kB │ gzip:  11.57 kB
../../../../tmp/chromatic--16110-6rXgE3m46XcS/assets/index-DrlA5mbP.js                        78.76 kB │ gzip:  23.48 kB
../../../../tmp/chromatic--16110-6rXgE3m46XcS/assets/index-PqR-_bA4.js                       134.01 kB │ gzip:  43.18 kB
../../../../tmp/chromatic--16110-6rXgE3m46XcS/assets/formatter-B5HCVTEV-CAk3P_Dg.js          210.74 kB │ gzip:  70.28 kB
../../../../tmp/chromatic--16110-6rXgE3m46XcS/assets/entry-preview-docs-DCZ9HOHD.js          212.76 kB │ gzip:  65.94 kB
../../../../tmp/chromatic--16110-6rXgE3m46XcS/assets/index-2ywIqtt-.js                       582.64 kB │ gzip: 154.40 kB
../../../../tmp/chromatic--16110-6rXgE3m46XcS/assets/index-Cu2kb4O6.js                       583.29 kB │ gzip: 174.35 kB
✓ built in 5.52s
info => Preview built (6.03 s)
info => Output directory: /tmp/chromatic--16110-6rXgE3m46XcS
